# JRE version: OpenJDK Runtime Environment (8.0_112-b06) (build 1.8.0_112-release-b06)
# Java VM: OpenJDK 64-Bit Server VM (25.112-b06 mixed mode windows-amd64 compressed oops)
Heap:
 PSYoungGen      total 189952K, used 39103K [0x00000000e0000000, 0x00000000f2280000, 0x0000000100000000)
  eden space 173568K, 13% used [0x00000000e0000000,0x00000000e1637120,0x00000000ea980000)
  from space 16384K, 99% used [0x00000000ea980000,0x00000000eb978b08,0x00000000eb980000)
  to   space 18944K, 0% used [0x00000000f1000000,0x00000000f1000000,0x00000000f2280000)
 ParOldGen       total 87552K, used 19506K [0x00000000a0000000, 0x00000000a5580000, 0x00000000e0000000)
  object space 87552K, 22% used [0x00000000a0000000,0x00000000a130cbf8,0x00000000a5580000)
 Metaspace       used 45754K, capacity 46958K, committed 47232K, reserved 1089536K
  class space    used 6112K, capacity 6410K, committed 6528K, reserved 1048576K
GC Heap History (10 events):
Event: 3.778 GC heap before
{Heap before GC invocations=5 (full 1):
 PSYoungGen      total 70656K, used 65536K [0x00000000e0000000, 0x00000000e8a00000, 0x0000000100000000)
  eden space 65536K, 100% used [0x00000000e0000000,0x00000000e4000000,0x00000000e4000000)
  from space 5120K, 0% used [0x00000000e4000000,0x00000000e4000000,0x00000000e4500000)
  to   space 5120K, 0% used [0x00000000e8500000,0x00000000e8500000,0x00000000e8a00000)
 ParOldGen       total 64000K, used 12830K [0x00000000a0000000, 0x00000000a3e80000, 0x00000000e0000000)
  object space 64000K, 20% used [0x00000000a0000000,0x00000000a0c87b28,0x00000000a3e80000)
 Metaspace       used 26486K, capacity 26970K, committed 27136K, reserved 1073152K
  class space    used 3645K, capacity 3780K, committed 3840K, reserved 1048576K
Event: 3.784 GC heap after
Heap after GC invocations=5 (full 1):
 PSYoungGen      total 114176K, used 5106K [0x00000000e0000000, 0x00000000e8a00000, 0x0000000100000000)
  eden space 109056K, 0% used [0x00000000e0000000,0x00000000e0000000,0x00000000e6a80000)
  from space 5120K, 99% used [0x00000000e8500000,0x00000000e89fcb08,0x00000000e8a00000)
  to   space 5120K, 0% used [0x00000000e8000000,0x00000000e8000000,0x00000000e8500000)
 ParOldGen       total 64000K, used 15745K [0x00000000a0000000, 0x00000000a3e80000, 0x00000000e0000000)
  object space 64000K, 24% used [0x00000000a0000000,0x00000000a0f60418,0x00000000a3e80000)
 Metaspace       used 26486K, capacity 26970K, committed 27136K, reserved 1073152K
  class space    used 3645K, capacity 3780K, committed 3840K, reserved 1048576K
}
Event: 5.612 GC heap before
{Heap before GC invocations=6 (full 1):
 PSYoungGen      total 114176K, used 110910K [0x00000000e0000000, 0x00000000e8a00000, 0x0000000100000000)
  eden space 109056K, 97% used [0x00000000e0000000,0x00000000e67530f0,0x00000000e6a80000)
  from space 5120K, 99% used [0x00000000e8500000,0x00000000e89fcb08,0x00000000e8a00000)
  to   space 5120K, 0% used [0x00000000e8000000,0x00000000e8000000,0x00000000e8500000)
 ParOldGen       total 64000K, used 15745K [0x00000000a0000000, 0x00000000a3e80000, 0x00000000e0000000)
  object space 64000K, 24% used [0x00000000a0000000,0x00000000a0f60418,0x00000000a3e80000)
 Metaspace       used 34505K, capacity 35316K, committed 35416K, reserved 1079296K
  class space    used 4647K, capacity 4858K, committed 4864K, reserved 1048576K
Event: 5.622 GC heap after
Heap after GC invocations=6 (full 1):
 PSYoungGen      total 136192K, used 5108K [0x00000000e0000000, 0x00000000ec800000, 0x0000000100000000)
  eden space 131072K, 0% used [0x00000000e0000000,0x00000000e0000000,0x00000000e8000000)
  from space 5120K, 99% used [0x00000000e8000000,0x00000000e84fd020,0x00000000e8500000)
  to   space 14848K, 0% used [0x00000000eb980000,0x00000000eb980000,0x00000000ec800000)
 ParOldGen       total 64000K, used 23095K [0x00000000a0000000, 0x00000000a3e80000, 0x00000000e0000000)
  object space 64000K, 36% used [0x00000000a0000000,0x00000000a168dc38,0x00000000a3e80000)
 Metaspace       used 34505K, capacity 35316K, committed 35416K, reserved 1079296K
  class space    used 4647K, capacity 4858K, committed 4864K, reserved 1048576K
}
Event: 5.622 GC heap before
{Heap before GC invocations=7 (full 2):
 PSYoungGen      total 136192K, used 5108K [0x00000000e0000000, 0x00000000ec800000, 0x0000000100000000)
  eden space 131072K, 0% used [0x00000000e0000000,0x00000000e0000000,0x00000000e8000000)
  from space 5120K, 99% used [0x00000000e8000000,0x00000000e84fd020,0x00000000e8500000)
  to   space 14848K, 0% used [0x00000000eb980000,0x00000000eb980000,0x00000000ec800000)
 ParOldGen       total 64000K, used 23095K [0x00000000a0000000, 0x00000000a3e80000, 0x00000000e0000000)
  object space 64000K, 36% used [0x00000000a0000000,0x00000000a168dc38,0x00000000a3e80000)
 Metaspace       used 34505K, capacity 35316K, committed 35416K, reserved 1079296K
  class space    used 4647K, capacity 4858K, committed 4864K, reserved 1048576K
Event: 5.673 GC heap after
Heap after GC invocations=7 (full 2):
 PSYoungGen      total 136192K, used 0K [0x00000000e0000000, 0x00000000ec800000, 0x0000000100000000)
  eden space 131072K, 0% used [0x00000000e0000000,0x00000000e0000000,0x00000000e8000000)
  from space 5120K, 0% used [0x00000000e8000000,0x00000000e8000000,0x00000000e8500000)
  to   space 14848K, 0% used [0x00000000eb980000,0x00000000eb980000,0x00000000ec800000)
 ParOldGen       total 87552K, used 18928K [0x00000000a0000000, 0x00000000a5580000, 0x00000000e0000000)
  object space 87552K, 21% used [0x00000000a0000000,0x00000000a127c1c8,0x00000000a5580000)
 Metaspace       used 34505K, capacity 35316K, committed 35416K, reserved 1079296K
  class space    used 4647K, capacity 4858K, committed 4864K, reserved 1048576K
}
Event: 10.589 GC heap before
{Heap before GC invocations=8 (full 2):
 PSYoungGen      total 136192K, used 131072K [0x00000000e0000000, 0x00000000ec800000, 0x0000000100000000)
  eden space 131072K, 100% used [0x00000000e0000000,0x00000000e8000000,0x00000000e8000000)
  from space 5120K, 0% used [0x00000000e8000000,0x00000000e8000000,0x00000000e8500000)
  to   space 14848K, 0% used [0x00000000eb980000,0x00000000eb980000,0x00000000ec800000)
 ParOldGen       total 87552K, used 18928K [0x00000000a0000000, 0x00000000a5580000, 0x00000000e0000000)
  object space 87552K, 21% used [0x00000000a0000000,0x00000000a127c1c8,0x00000000a5580000)
 Metaspace       used 43219K, capacity 44238K, committed 44544K, reserved 1087488K
  class space    used 5828K, capacity 6086K, committed 6144K, reserved 1048576K
Event: 10.608 GC heap after
Heap after GC invocations=8 (full 2):
 PSYoungGen      total 188416K, used 12688K [0x00000000e0000000, 0x00000000ee780000, 0x0000000100000000)
  eden space 173568K, 0% used [0x00000000e0000000,0x00000000e0000000,0x00000000ea980000)
  from space 14848K, 85% used [0x00000000eb980000,0x00000000ec5e4330,0x00000000ec800000)
  to   space 16384K, 0% used [0x00000000ea980000,0x00000000ea980000,0x00000000eb980000)
 ParOldGen       total 87552K, used 18936K [0x00000000a0000000, 0x00000000a5580000, 0x00000000e0000000)
  object space 87552K, 21% used [0x00000000a0000000,0x00000000a127e1c8,0x00000000a5580000)
 Metaspace       used 43219K, capacity 44238K, committed 44544K, reserved 1087488K
  class space    used 5828K, capacity 6086K, committed 6144K, reserved 1048576K
}
Event: 18.290 GC heap before
{Heap before GC invocations=9 (full 2):
 PSYoungGen      total 188416K, used 186256K [0x00000000e0000000, 0x00000000ee780000, 0x0000000100000000)
  eden space 173568K, 100% used [0x00000000e0000000,0x00000000ea980000,0x00000000ea980000)
  from space 14848K, 85% used [0x00000000eb980000,0x00000000ec5e4330,0x00000000ec800000)
  to   space 16384K, 0% used [0x00000000ea980000,0x00000000ea980000,0x00000000eb980000)
 ParOldGen       total 87552K, used 18936K [0x00000000a0000000, 0x00000000a5580000, 0x00000000e0000000)
  object space 87552K, 21% used [0x00000000a0000000,0x00000000a127e1c8,0x00000000a5580000)
 Metaspace       used 44916K, capacity 46066K, committed 46336K, reserved 1089536K
  class space    used 5991K, capacity 6289K, committed 6400K, reserved 1048576K
Event: 18.309 GC heap after
Heap after GC invocations=9 (full 2):
 PSYoungGen      total 189952K, used 16354K [0x00000000e0000000, 0x00000000f2280000, 0x0000000100000000)
  eden space 173568K, 0% used [0x00000000e0000000,0x00000000e0000000,0x00000000ea980000)
  from space 16384K, 99% used [0x00000000ea980000,0x00000000eb978b08,0x00000000eb980000)
  to   space 18944K, 0% used [0x00000000f1000000,0x00000000f1000000,0x00000000f2280000)
 ParOldGen       total 87552K, used 19506K [0x00000000a0000000, 0x00000000a5580000, 0x00000000e0000000)
  object space 87552K, 22% used [0x00000000a0000000,0x00000000a130cbf8,0x00000000a5580000)
 Metaspace       used 44916K, capacity 46066K, committed 46336K, reserved 1089536K
  class space    used 5991K, capacity 6289K, committed 6400K, reserved 1048576K
}

