# JRE version: OpenJDK Runtime Environment (8.0_112-b06) (build 1.8.0_112-release-b06)
# Java VM: OpenJDK 64-Bit Server VM (25.112-b06 mixed mode windows-amd64 compressed oops)
Heap:
 PSYoungGen      total 423424K, used 330000K [0x00000000e0000000, 0x0000000100000000, 0x0000000100000000)
  eden space 330752K, 99% used [0x00000000e0000000,0x00000000f4224090,0x00000000f4300000)
  from space 92672K, 0% used [0x00000000f4300000,0x00000000f4320000,0x00000000f9d80000)
  to   space 91648K, 0% used [0x00000000fa680000,0x00000000fa680000,0x0000000100000000)
 ParOldGen       total 261632K, used 121271K [0x00000000a0000000, 0x00000000aff80000, 0x00000000e0000000)
  object space 261632K, 46% used [0x00000000a0000000,0x00000000a766ddc0,0x00000000aff80000)
 Metaspace       used 87513K, capacity 91806K, committed 92928K, reserved 1130496K
  class space    used 10160K, capacity 10790K, committed 11008K, reserved 1048576K
GC Heap History (10 events):
Event: 2240.170 GC heap before
{Heap before GC invocations=78 (full 9):
 PSYoungGen      total 408064K, used 402766K [0x00000000e0000000, 0x0000000100000000, 0x0000000100000000)
  eden space 317440K, 100% used [0x00000000e0000000,0x00000000f3600000,0x00000000f3600000)
  from space 90624K, 94% used [0x00000000fa280000,0x00000000ff5d3bc8,0x00000000ffb00000)
  to   space 103424K, 0% used [0x00000000f3600000,0x00000000f3600000,0x00000000f9b00000)
 ParOldGen       total 261632K, used 112638K [0x00000000a0000000, 0x00000000aff80000, 0x00000000e0000000)
  object space 261632K, 43% used [0x00000000a0000000,0x00000000a6dff9e0,0x00000000aff80000)
 Metaspace       used 87345K, capacity 91594K, committed 92928K, reserved 1130496K
  class space    used 10147K, capacity 10772K, committed 11008K, reserved 1048576K
Event: 2240.175 GC heap after
Heap after GC invocations=78 (full 9):
 PSYoungGen      total 420864K, used 6295K [0x00000000e0000000, 0x0000000100000000, 0x0000000100000000)
  eden space 317440K, 0% used [0x00000000e0000000,0x00000000e0000000,0x00000000f3600000)
  from space 103424K, 6% used [0x00000000f3600000,0x00000000f3c25ef0,0x00000000f9b00000)
  to   space 102912K, 0% used [0x00000000f9b80000,0x00000000f9b80000,0x0000000100000000)
 ParOldGen       total 261632K, used 113382K [0x00000000a0000000, 0x00000000aff80000, 0x00000000e0000000)
  object space 261632K, 43% used [0x00000000a0000000,0x00000000a6eb9948,0x00000000aff80000)
 Metaspace       used 87345K, capacity 91594K, committed 92928K, reserved 1130496K
  class space    used 10147K, capacity 10772K, committed 11008K, reserved 1048576K
}
Event: 2240.662 GC heap before
{Heap before GC invocations=79 (full 9):
 PSYoungGen      total 420864K, used 323735K [0x00000000e0000000, 0x0000000100000000, 0x0000000100000000)
  eden space 317440K, 100% used [0x00000000e0000000,0x00000000f3600000,0x00000000f3600000)
  from space 103424K, 6% used [0x00000000f3600000,0x00000000f3c25ef0,0x00000000f9b00000)
  to   space 102912K, 0% used [0x00000000f9b80000,0x00000000f9b80000,0x0000000100000000)
 ParOldGen       total 261632K, used 113382K [0x00000000a0000000, 0x00000000aff80000, 0x00000000e0000000)
  object space 261632K, 43% used [0x00000000a0000000,0x00000000a6eb9948,0x00000000aff80000)
 Metaspace       used 87350K, capacity 91594K, committed 92928K, reserved 1130496K
  class space    used 10147K, capacity 10772K, committed 11008K, reserved 1048576K
Event: 2240.688 GC heap after
Heap after GC invocations=79 (full 9):
 PSYoungGen      total 410112K, used 27845K [0x00000000e0000000, 0x00000000ff580000, 0x0000000100000000)
  eden space 317952K, 0% used [0x00000000e0000000,0x00000000e0000000,0x00000000f3680000)
  from space 92160K, 30% used [0x00000000f9b80000,0x00000000fb6b1650,0x00000000ff580000)
  to   space 97792K, 0% used [0x00000000f3680000,0x00000000f3680000,0x00000000f9600000)
 ParOldGen       total 261632K, used 113674K [0x00000000a0000000, 0x00000000aff80000, 0x00000000e0000000)
  object space 261632K, 43% used [0x00000000a0000000,0x00000000a6f02958,0x00000000aff80000)
 Metaspace       used 87350K, capacity 91594K, committed 92928K, reserved 1130496K
  class space    used 10147K, capacity 10772K, committed 11008K, reserved 1048576K
}
Event: 2241.865 GC heap before
{Heap before GC invocations=80 (full 9):
 PSYoungGen      total 410112K, used 342086K [0x00000000e0000000, 0x00000000ff580000, 0x0000000100000000)
  eden space 317952K, 98% used [0x00000000e0000000,0x00000000f32e0580,0x00000000f3680000)
  from space 92160K, 30% used [0x00000000f9b80000,0x00000000fb6b1650,0x00000000ff580000)
  to   space 97792K, 0% used [0x00000000f3680000,0x00000000f3680000,0x00000000f9600000)
 ParOldGen       total 261632K, used 113674K [0x00000000a0000000, 0x00000000aff80000, 0x00000000e0000000)
  object space 261632K, 43% used [0x00000000a0000000,0x00000000a6f02958,0x00000000aff80000)
 Metaspace       used 87390K, capacity 91594K, committed 92928K, reserved 1130496K
  class space    used 10147K, capacity 10772K, committed 11008K, reserved 1048576K
Event: 2241.881 GC heap after
Heap after GC invocations=80 (full 9):
 PSYoungGen      total 415744K, used 12743K [0x00000000e0000000, 0x0000000100000000, 0x0000000100000000)
  eden space 317952K, 0% used [0x00000000e0000000,0x00000000e0000000,0x00000000f3680000)
  from space 97792K, 13% used [0x00000000f3680000,0x00000000f42f1d00,0x00000000f9600000)
  to   space 95744K, 0% used [0x00000000fa280000,0x00000000fa280000,0x0000000100000000)
 ParOldGen       total 261632K, used 117419K [0x00000000a0000000, 0x00000000aff80000, 0x00000000e0000000)
  object space 261632K, 44% used [0x00000000a0000000,0x00000000a72aaf90,0x00000000aff80000)
 Metaspace       used 87390K, capacity 91594K, committed 92928K, reserved 1130496K
  class space    used 10147K, capacity 10772K, committed 11008K, reserved 1048576K
}
Event: 2243.139 GC heap before
{Heap before GC invocations=81 (full 9):
 PSYoungGen      total 415744K, used 329904K [0x00000000e0000000, 0x0000000100000000, 0x0000000100000000)
  eden space 317952K, 99% used [0x00000000e0000000,0x00000000f35ba3a8,0x00000000f3680000)
  from space 97792K, 13% used [0x00000000f3680000,0x00000000f42f1d00,0x00000000f9600000)
  to   space 95744K, 0% used [0x00000000fa280000,0x00000000fa280000,0x0000000100000000)
 ParOldGen       total 261632K, used 117419K [0x00000000a0000000, 0x00000000aff80000, 0x00000000e0000000)
  object space 261632K, 44% used [0x00000000a0000000,0x00000000a72aaf90,0x00000000aff80000)
 Metaspace       used 87408K, capacity 91658K, committed 92928K, reserved 1130496K
  class space    used 10147K, capacity 10772K, committed 11008K, reserved 1048576K
Event: 2243.145 GC heap after
Heap after GC invocations=81 (full 9):
 PSYoungGen      total 418304K, used 14869K [0x00000000e0000000, 0x00000000ff800000, 0x0000000100000000)
  eden space 330752K, 0% used [0x00000000e0000000,0x00000000e0000000,0x00000000f4300000)
  from space 87552K, 16% used [0x00000000fa280000,0x00000000fb105480,0x00000000ff800000)
  to   space 92672K, 0% used [0x00000000f4300000,0x00000000f4300000,0x00000000f9d80000)
 ParOldGen       total 261632K, used 118754K [0x00000000a0000000, 0x00000000aff80000, 0x00000000e0000000)
  object space 261632K, 45% used [0x00000000a0000000,0x00000000a73f89c0,0x00000000aff80000)
 Metaspace       used 87408K, capacity 91658K, committed 92928K, reserved 1130496K
  class space    used 10147K, capacity 10772K, committed 11008K, reserved 1048576K
}
Event: 2243.209 GC heap before
{Heap before GC invocations=82 (full 9):
 PSYoungGen      total 418304K, used 345621K [0x00000000e0000000, 0x00000000ff800000, 0x0000000100000000)
  eden space 330752K, 100% used [0x00000000e0000000,0x00000000f4300000,0x00000000f4300000)
  from space 87552K, 16% used [0x00000000fa280000,0x00000000fb105480,0x00000000ff800000)
  to   space 92672K, 0% used [0x00000000f4300000,0x00000000f4300000,0x00000000f9d80000)
 ParOldGen       total 261632K, used 118754K [0x00000000a0000000, 0x00000000aff80000, 0x00000000e0000000)
  object space 261632K, 45% used [0x00000000a0000000,0x00000000a73f89c0,0x00000000aff80000)
 Metaspace       used 87408K, capacity 91658K, committed 92928K, reserved 1130496K
  class space    used 10147K, capacity 10772K, committed 11008K, reserved 1048576K
Event: 2243.212 GC heap after
Heap after GC invocations=82 (full 9):
 PSYoungGen      total 423424K, used 128K [0x00000000e0000000, 0x0000000100000000, 0x0000000100000000)
  eden space 330752K, 0% used [0x00000000e0000000,0x00000000e0000000,0x00000000f4300000)
  from space 92672K, 0% used [0x00000000f4300000,0x00000000f4320000,0x00000000f9d80000)
  to   space 91648K, 0% used [0x00000000fa680000,0x00000000fa680000,0x0000000100000000)
 ParOldGen       total 261632K, used 121271K [0x00000000a0000000, 0x00000000aff80000, 0x00000000e0000000)
  object space 261632K, 46% used [0x00000000a0000000,0x00000000a766ddc0,0x00000000aff80000)
 Metaspace       used 87408K, capacity 91658K, committed 92928K, reserved 1130496K
  class space    used 10147K, capacity 10772K, committed 11008K, reserved 1048576K
}

