# JRE version: OpenJDK Runtime Environment (8.0_112-b06) (build 1.8.0_112-release-b06)
# Java VM: OpenJDK 64-Bit Server VM (25.112-b06 mixed mode windows-amd64 compressed oops)
Heap:
 PSYoungGen      total 449024K, used 286484K [0x00000000e0000000, 0x00000000fd880000, 0x0000000100000000)
  eden space 423424K, 61% used [0x00000000e0000000,0x00000000efec88b0,0x00000000f9d80000)
  from space 25600K, 99% used [0x00000000fbb00000,0x00000000fd3fc7f0,0x00000000fd400000)
  to   space 30208K, 0% used [0x00000000f9d80000,0x00000000f9d80000,0x00000000fbb00000)
 ParOldGen       total 113664K, used 47342K [0x00000000a0000000, 0x00000000a6f00000, 0x00000000e0000000)
  object space 113664K, 41% used [0x00000000a0000000,0x00000000a2e3b880,0x00000000a6f00000)
 Metaspace       used 66055K, capacity 69692K, committed 69888K, reserved 1110016K
  class space    used 8885K, capacity 9659K, committed 9728K, reserved 1048576K
GC Heap History (10 events):
Event: 10.091 GC heap before
{Heap before GC invocations=11 (full 2):
 PSYoungGen      total 216576K, used 216546K [0x00000000e0000000, 0x00000000ee880000, 0x0000000100000000)
  eden space 204288K, 100% used [0x00000000e0000000,0x00000000ec780000,0x00000000ec780000)
  from space 12288K, 99% used [0x00000000ed500000,0x00000000ee0f8850,0x00000000ee100000)
  to   space 13824K, 0% used [0x00000000ec780000,0x00000000ec780000,0x00000000ed500000)
 ParOldGen       total 69632K, used 17564K [0x00000000a0000000, 0x00000000a4400000, 0x00000000e0000000)
  object space 69632K, 25% used [0x00000000a0000000,0x00000000a1127290,0x00000000a4400000)
 Metaspace       used 44896K, capacity 46174K, committed 46336K, reserved 1089536K
  class space    used 6033K, capacity 6335K, committed 6400K, reserved 1048576K
Event: 10.106 GC heap after
Heap after GC invocations=11 (full 2):
 PSYoungGen      total 218112K, used 13795K [0x00000000e0000000, 0x00000000f4300000, 0x0000000100000000)
  eden space 204288K, 0% used [0x00000000e0000000,0x00000000e0000000,0x00000000ec780000)
  from space 13824K, 99% used [0x00000000ec780000,0x00000000ed4f8c98,0x00000000ed500000)
  to   space 17408K, 0% used [0x00000000f3200000,0x00000000f3200000,0x00000000f4300000)
 ParOldGen       total 69632K, used 23307K [0x00000000a0000000, 0x00000000a4400000, 0x00000000e0000000)
  object space 69632K, 33% used [0x00000000a0000000,0x00000000a16c2f68,0x00000000a4400000)
 Metaspace       used 44896K, capacity 46174K, committed 46336K, reserved 1089536K
  class space    used 6033K, capacity 6335K, committed 6400K, reserved 1048576K
}
Event: 26.448 GC heap before
{Heap before GC invocations=12 (full 2):
 PSYoungGen      total 218112K, used 218083K [0x00000000e0000000, 0x00000000f4300000, 0x0000000100000000)
  eden space 204288K, 100% used [0x00000000e0000000,0x00000000ec780000,0x00000000ec780000)
  from space 13824K, 99% used [0x00000000ec780000,0x00000000ed4f8c98,0x00000000ed500000)
  to   space 17408K, 0% used [0x00000000f3200000,0x00000000f3200000,0x00000000f4300000)
 ParOldGen       total 69632K, used 23307K [0x00000000a0000000, 0x00000000a4400000, 0x00000000e0000000)
  object space 69632K, 33% used [0x00000000a0000000,0x00000000a16c2f68,0x00000000a4400000)
 Metaspace       used 56241K, capacity 58458K, committed 58624K, reserved 1099776K
  class space    used 7628K, capacity 8124K, committed 8192K, reserved 1048576K
Event: 26.504 GC heap after
Heap after GC invocations=12 (full 2):
 PSYoungGen      total 305152K, used 17403K [0x00000000e0000000, 0x00000000f4c00000, 0x0000000100000000)
  eden space 287744K, 0% used [0x00000000e0000000,0x00000000e0000000,0x00000000f1900000)
  from space 17408K, 99% used [0x00000000f3200000,0x00000000f42fefa0,0x00000000f4300000)
  to   space 25600K, 0% used [0x00000000f1900000,0x00000000f1900000,0x00000000f3200000)
 ParOldGen       total 69632K, used 39725K [0x00000000a0000000, 0x00000000a4400000, 0x00000000e0000000)
  object space 69632K, 57% used [0x00000000a0000000,0x00000000a26cb760,0x00000000a4400000)
 Metaspace       used 56241K, capacity 58458K, committed 58624K, reserved 1099776K
  class space    used 7628K, capacity 8124K, committed 8192K, reserved 1048576K
}
Event: 26.681 GC heap before
{Heap before GC invocations=13 (full 2):
 PSYoungGen      total 305152K, used 51183K [0x00000000e0000000, 0x00000000f4c00000, 0x0000000100000000)
  eden space 287744K, 11% used [0x00000000e0000000,0x00000000e20fcd00,0x00000000f1900000)
  from space 17408K, 99% used [0x00000000f3200000,0x00000000f42fefa0,0x00000000f4300000)
  to   space 25600K, 0% used [0x00000000f1900000,0x00000000f1900000,0x00000000f3200000)
 ParOldGen       total 69632K, used 39725K [0x00000000a0000000, 0x00000000a4400000, 0x00000000e0000000)
  object space 69632K, 57% used [0x00000000a0000000,0x00000000a26cb760,0x00000000a4400000)
 Metaspace       used 56881K, capacity 58972K, committed 59028K, reserved 1099776K
  class space    used 7723K, capacity 8168K, committed 8192K, reserved 1048576K
Event: 26.745 GC heap after
Heap after GC invocations=13 (full 2):
 PSYoungGen      total 313344K, used 4050K [0x00000000e0000000, 0x00000000fd400000, 0x0000000100000000)
  eden space 287744K, 0% used [0x00000000e0000000,0x00000000e0000000,0x00000000f1900000)
  from space 25600K, 15% used [0x00000000f1900000,0x00000000f1cf4b50,0x00000000f3200000)
  to   space 25600K, 0% used [0x00000000fbb00000,0x00000000fbb00000,0x00000000fd400000)
 ParOldGen       total 69632K, used 57022K [0x00000000a0000000, 0x00000000a4400000, 0x00000000e0000000)
  object space 69632K, 81% used [0x00000000a0000000,0x00000000a37af8c0,0x00000000a4400000)
 Metaspace       used 56881K, capacity 58972K, committed 59028K, reserved 1099776K
  class space    used 7723K, capacity 8168K, committed 8192K, reserved 1048576K
}
Event: 26.745 GC heap before
{Heap before GC invocations=14 (full 3):
 PSYoungGen      total 313344K, used 4050K [0x00000000e0000000, 0x00000000fd400000, 0x0000000100000000)
  eden space 287744K, 0% used [0x00000000e0000000,0x00000000e0000000,0x00000000f1900000)
  from space 25600K, 15% used [0x00000000f1900000,0x00000000f1cf4b50,0x00000000f3200000)
  to   space 25600K, 0% used [0x00000000fbb00000,0x00000000fbb00000,0x00000000fd400000)
 ParOldGen       total 69632K, used 57022K [0x00000000a0000000, 0x00000000a4400000, 0x00000000e0000000)
  object space 69632K, 81% used [0x00000000a0000000,0x00000000a37af8c0,0x00000000a4400000)
 Metaspace       used 56881K, capacity 58972K, committed 59028K, reserved 1099776K
  class space    used 7723K, capacity 8168K, committed 8192K, reserved 1048576K
Event: 27.073 GC heap after
Heap after GC invocations=14 (full 3):
 PSYoungGen      total 313344K, used 0K [0x00000000e0000000, 0x00000000fd400000, 0x0000000100000000)
  eden space 287744K, 0% used [0x00000000e0000000,0x00000000e0000000,0x00000000f1900000)
  from space 25600K, 0% used [0x00000000f1900000,0x00000000f1900000,0x00000000f3200000)
  to   space 25600K, 0% used [0x00000000fbb00000,0x00000000fbb00000,0x00000000fd400000)
 ParOldGen       total 113664K, used 45750K [0x00000000a0000000, 0x00000000a6f00000, 0x00000000e0000000)
  object space 113664K, 40% used [0x00000000a0000000,0x00000000a2cad968,0x00000000a6f00000)
 Metaspace       used 56881K, capacity 58972K, committed 59028K, reserved 1099776K
  class space    used 7723K, capacity 8168K, committed 8192K, reserved 1048576K
}
Event: 37.108 GC heap before
{Heap before GC invocations=15 (full 3):
 PSYoungGen      total 313344K, used 287744K [0x00000000e0000000, 0x00000000fd400000, 0x0000000100000000)
  eden space 287744K, 100% used [0x00000000e0000000,0x00000000f1900000,0x00000000f1900000)
  from space 25600K, 0% used [0x00000000f1900000,0x00000000f1900000,0x00000000f3200000)
  to   space 25600K, 0% used [0x00000000fbb00000,0x00000000fbb00000,0x00000000fd400000)
 ParOldGen       total 113664K, used 45750K [0x00000000a0000000, 0x00000000a6f00000, 0x00000000e0000000)
  object space 113664K, 40% used [0x00000000a0000000,0x00000000a2cad968,0x00000000a6f00000)
 Metaspace       used 62386K, capacity 65540K, committed 65792K, reserved 1105920K
  class space    used 8398K, capacity 9129K, committed 9216K, reserved 1048576K
Event: 37.134 GC heap after
Heap after GC invocations=15 (full 3):
 PSYoungGen      total 449024K, used 25585K [0x00000000e0000000, 0x00000000fd880000, 0x0000000100000000)
  eden space 423424K, 0% used [0x00000000e0000000,0x00000000e0000000,0x00000000f9d80000)
  from space 25600K, 99% used [0x00000000fbb00000,0x00000000fd3fc7f0,0x00000000fd400000)
  to   space 30208K, 0% used [0x00000000f9d80000,0x00000000f9d80000,0x00000000fbb00000)
 ParOldGen       total 113664K, used 47342K [0x00000000a0000000, 0x00000000a6f00000, 0x00000000e0000000)
  object space 113664K, 41% used [0x00000000a0000000,0x00000000a2e3b880,0x00000000a6f00000)
 Metaspace       used 62386K, capacity 65540K, committed 65792K, reserved 1105920K
  class space    used 8398K, capacity 9129K, committed 9216K, reserved 1048576K
}

